running egg_info
creating build/motor_control_ROSario/motor_control_ROSario.egg-info
writing build/motor_control_ROSario/motor_control_ROSario.egg-info/PKG-INFO
writing dependency_links to build/motor_control_ROSario/motor_control_ROSario.egg-info/dependency_links.txt
writing entry points to build/motor_control_ROSario/motor_control_ROSario.egg-info/entry_points.txt
writing requirements to build/motor_control_ROSario/motor_control_ROSario.egg-info/requires.txt
writing top-level names to build/motor_control_ROSario/motor_control_ROSario.egg-info/top_level.txt
writing manifest file 'build/motor_control_ROSario/motor_control_ROSario.egg-info/SOURCES.txt'
reading manifest file 'build/motor_control_ROSario/motor_control_ROSario.egg-info/SOURCES.txt'
writing manifest file 'build/motor_control_ROSario/motor_control_ROSario.egg-info/SOURCES.txt'
running build
running build_py
creating /home/oscar_ot09/ros2_ws/src/motor_control_ROSario/build/motor_control_ROSario/build
creating /home/oscar_ot09/ros2_ws/src/motor_control_ROSario/build/motor_control_ROSario/build/lib
creating /home/oscar_ot09/ros2_ws/src/motor_control_ROSario/build/motor_control_ROSario/build/lib/motor_control_ROSario
copying motor_control_ROSario/__init__.py -> /home/oscar_ot09/ros2_ws/src/motor_control_ROSario/build/motor_control_ROSario/build/lib/motor_control_ROSario
copying motor_control_ROSario/set_point_ROSario.py -> /home/oscar_ot09/ros2_ws/src/motor_control_ROSario/build/motor_control_ROSario/build/lib/motor_control_ROSario
copying motor_control_ROSario/control_pid_ROSario.py -> /home/oscar_ot09/ros2_ws/src/motor_control_ROSario/build/motor_control_ROSario/build/lib/motor_control_ROSario
copying motor_control_ROSario/dc_motor_ROSario.py -> /home/oscar_ot09/ros2_ws/src/motor_control_ROSario/build/motor_control_ROSario/build/lib/motor_control_ROSario
running install
running install_lib
creating /home/oscar_ot09/ros2_ws/src/motor_control_ROSario/install/motor_control_ROSario/lib/python3.10/site-packages/motor_control_ROSario
copying /home/oscar_ot09/ros2_ws/src/motor_control_ROSario/build/motor_control_ROSario/build/lib/motor_control_ROSario/__init__.py -> /home/oscar_ot09/ros2_ws/src/motor_control_ROSario/install/motor_control_ROSario/lib/python3.10/site-packages/motor_control_ROSario
copying /home/oscar_ot09/ros2_ws/src/motor_control_ROSario/build/motor_control_ROSario/build/lib/motor_control_ROSario/set_point_ROSario.py -> /home/oscar_ot09/ros2_ws/src/motor_control_ROSario/install/motor_control_ROSario/lib/python3.10/site-packages/motor_control_ROSario
copying /home/oscar_ot09/ros2_ws/src/motor_control_ROSario/build/motor_control_ROSario/build/lib/motor_control_ROSario/control_pid_ROSario.py -> /home/oscar_ot09/ros2_ws/src/motor_control_ROSario/install/motor_control_ROSario/lib/python3.10/site-packages/motor_control_ROSario
copying /home/oscar_ot09/ros2_ws/src/motor_control_ROSario/build/motor_control_ROSario/build/lib/motor_control_ROSario/dc_motor_ROSario.py -> /home/oscar_ot09/ros2_ws/src/motor_control_ROSario/install/motor_control_ROSario/lib/python3.10/site-packages/motor_control_ROSario
byte-compiling /home/oscar_ot09/ros2_ws/src/motor_control_ROSario/install/motor_control_ROSario/lib/python3.10/site-packages/motor_control_ROSario/__init__.py to __init__.cpython-310.pyc
byte-compiling /home/oscar_ot09/ros2_ws/src/motor_control_ROSario/install/motor_control_ROSario/lib/python3.10/site-packages/motor_control_ROSario/set_point_ROSario.py to set_point_ROSario.cpython-310.pyc
byte-compiling /home/oscar_ot09/ros2_ws/src/motor_control_ROSario/install/motor_control_ROSario/lib/python3.10/site-packages/motor_control_ROSario/control_pid_ROSario.py to control_pid_ROSario.cpython-310.pyc
byte-compiling /home/oscar_ot09/ros2_ws/src/motor_control_ROSario/install/motor_control_ROSario/lib/python3.10/site-packages/motor_control_ROSario/dc_motor_ROSario.py to dc_motor_ROSario.cpython-310.pyc
running install_data
creating /home/oscar_ot09/ros2_ws/src/motor_control_ROSario/install/motor_control_ROSario/share/ament_index
creating /home/oscar_ot09/ros2_ws/src/motor_control_ROSario/install/motor_control_ROSario/share/ament_index/resource_index
creating /home/oscar_ot09/ros2_ws/src/motor_control_ROSario/install/motor_control_ROSario/share/ament_index/resource_index/packages
copying resource/motor_control_ROSario -> /home/oscar_ot09/ros2_ws/src/motor_control_ROSario/install/motor_control_ROSario/share/ament_index/resource_index/packages
copying package.xml -> /home/oscar_ot09/ros2_ws/src/motor_control_ROSario/install/motor_control_ROSario/share/motor_control_ROSario
creating /home/oscar_ot09/ros2_ws/src/motor_control_ROSario/install/motor_control_ROSario/share/motor_control_ROSario/launch
copying launch/challenge2_ROSario_launch.py -> /home/oscar_ot09/ros2_ws/src/motor_control_ROSario/install/motor_control_ROSario/share/motor_control_ROSario/launch
running install_egg_info
Copying build/motor_control_ROSario/motor_control_ROSario.egg-info to /home/oscar_ot09/ros2_ws/src/motor_control_ROSario/install/motor_control_ROSario/lib/python3.10/site-packages/motor_control_ROSario-0.0.0-py3.10.egg-info
running install_scripts
Installing control_pid_ROSario script to /home/oscar_ot09/ros2_ws/src/motor_control_ROSario/install/motor_control_ROSario/lib/motor_control_ROSario
Installing dc_motor_ROSario script to /home/oscar_ot09/ros2_ws/src/motor_control_ROSario/install/motor_control_ROSario/lib/motor_control_ROSario
Installing set_point_ROSario script to /home/oscar_ot09/ros2_ws/src/motor_control_ROSario/install/motor_control_ROSario/lib/motor_control_ROSario
writing list of installed files to '/home/oscar_ot09/ros2_ws/src/motor_control_ROSario/build/motor_control_ROSario/install.log'
