running egg_info
writing build/motor_control_ROSario/motor_control_ROSario.egg-info/PKG-INFO
writing dependency_links to build/motor_control_ROSario/motor_control_ROSario.egg-info/dependency_links.txt
writing entry points to build/motor_control_ROSario/motor_control_ROSario.egg-info/entry_points.txt
writing requirements to build/motor_control_ROSario/motor_control_ROSario.egg-info/requires.txt
writing top-level names to build/motor_control_ROSario/motor_control_ROSario.egg-info/top_level.txt
reading manifest file 'build/motor_control_ROSario/motor_control_ROSario.egg-info/SOURCES.txt'
writing manifest file 'build/motor_control_ROSario/motor_control_ROSario.egg-info/SOURCES.txt'
running build
running build_py
running install
running install_lib
running install_data
copying launch/challenge2_ROSario_launch.py -> /home/oscar_ot09/ros2_ws/src/motor_control_ROSario/install/motor_control_ROSario/share/motor_control_ROSario/launch
running install_egg_info
removing '/home/oscar_ot09/ros2_ws/src/motor_control_ROSario/install/motor_control_ROSario/lib/python3.10/site-packages/motor_control_ROSario-0.0.0-py3.10.egg-info' (and everything under it)
Copying build/motor_control_ROSario/motor_control_ROSario.egg-info to /home/oscar_ot09/ros2_ws/src/motor_control_ROSario/install/motor_control_ROSario/lib/python3.10/site-packages/motor_control_ROSario-0.0.0-py3.10.egg-info
running install_scripts
Installing control_pid_ROSario script to /home/oscar_ot09/ros2_ws/src/motor_control_ROSario/install/motor_control_ROSario/lib/motor_control_ROSario
Installing dc_motor_ROSario script to /home/oscar_ot09/ros2_ws/src/motor_control_ROSario/install/motor_control_ROSario/lib/motor_control_ROSario
Installing set_point_ROSario script to /home/oscar_ot09/ros2_ws/src/motor_control_ROSario/install/motor_control_ROSario/lib/motor_control_ROSario
writing list of installed files to '/home/oscar_ot09/ros2_ws/src/motor_control_ROSario/build/motor_control_ROSario/install.log'
