[0.357s] Invoking command in '/home/oscar_ot09/ros2_ws/src/motor_control_ROSario': PYTHONPATH=/home/oscar_ot09/ros2_ws/src/motor_control_ROSario/build/motor_control_ROSario/prefix_override:/usr/lib/python3/dist-packages/colcon_core/task/python/colcon_distutils_commands:/home/oscar_ot09/ros2_ws/src/motor_control_ROSario/install/motor_control_ROSario/lib/python3.10/site-packages:${PYTHONPATH} /usr/bin/python3 -W ignore:setup.py install is deprecated -W ignore:easy_install command is deprecated setup.py egg_info --egg-base build/motor_control_ROSario build --build-base /home/oscar_ot09/ros2_ws/src/motor_control_ROSario/build/motor_control_ROSario/build install --record /home/oscar_ot09/ros2_ws/src/motor_control_ROSario/build/motor_control_ROSario/install.log --single-version-externally-managed install_data
[0.500s] running egg_info
[0.501s] writing build/motor_control_ROSario/motor_control_ROSario.egg-info/PKG-INFO
[0.501s] writing dependency_links to build/motor_control_ROSario/motor_control_ROSario.egg-info/dependency_links.txt
[0.501s] writing entry points to build/motor_control_ROSario/motor_control_ROSario.egg-info/entry_points.txt
[0.501s] writing requirements to build/motor_control_ROSario/motor_control_ROSario.egg-info/requires.txt
[0.501s] writing top-level names to build/motor_control_ROSario/motor_control_ROSario.egg-info/top_level.txt
[0.503s] reading manifest file 'build/motor_control_ROSario/motor_control_ROSario.egg-info/SOURCES.txt'
[0.504s] writing manifest file 'build/motor_control_ROSario/motor_control_ROSario.egg-info/SOURCES.txt'
[0.504s] running build
[0.504s] running build_py
[0.504s] running install
[0.505s] running install_lib
[0.506s] running install_data
[0.506s] copying launch/challenge2_ROSario_launch.py -> /home/oscar_ot09/ros2_ws/src/motor_control_ROSario/install/motor_control_ROSario/share/motor_control_ROSario/launch
[0.506s] running install_egg_info
[0.508s] removing '/home/oscar_ot09/ros2_ws/src/motor_control_ROSario/install/motor_control_ROSario/lib/python3.10/site-packages/motor_control_ROSario-0.0.0-py3.10.egg-info' (and everything under it)
[0.508s] Copying build/motor_control_ROSario/motor_control_ROSario.egg-info to /home/oscar_ot09/ros2_ws/src/motor_control_ROSario/install/motor_control_ROSario/lib/python3.10/site-packages/motor_control_ROSario-0.0.0-py3.10.egg-info
[0.508s] running install_scripts
[0.522s] Installing control_pid_ROSario script to /home/oscar_ot09/ros2_ws/src/motor_control_ROSario/install/motor_control_ROSario/lib/motor_control_ROSario
[0.522s] Installing dc_motor_ROSario script to /home/oscar_ot09/ros2_ws/src/motor_control_ROSario/install/motor_control_ROSario/lib/motor_control_ROSario
[0.522s] Installing set_point_ROSario script to /home/oscar_ot09/ros2_ws/src/motor_control_ROSario/install/motor_control_ROSario/lib/motor_control_ROSario
[0.522s] writing list of installed files to '/home/oscar_ot09/ros2_ws/src/motor_control_ROSario/build/motor_control_ROSario/install.log'
[0.537s] Invoked command in '/home/oscar_ot09/ros2_ws/src/motor_control_ROSario' returned '0': PYTHONPATH=/home/oscar_ot09/ros2_ws/src/motor_control_ROSario/build/motor_control_ROSario/prefix_override:/usr/lib/python3/dist-packages/colcon_core/task/python/colcon_distutils_commands:/home/oscar_ot09/ros2_ws/src/motor_control_ROSario/install/motor_control_ROSario/lib/python3.10/site-packages:${PYTHONPATH} /usr/bin/python3 -W ignore:setup.py install is deprecated -W ignore:easy_install command is deprecated setup.py egg_info --egg-base build/motor_control_ROSario build --build-base /home/oscar_ot09/ros2_ws/src/motor_control_ROSario/build/motor_control_ROSario/build install --record /home/oscar_ot09/ros2_ws/src/motor_control_ROSario/build/motor_control_ROSario/install.log --single-version-externally-managed install_data
